<?xml version="1.0" encoding="UTF-8"?>
<testsuite name="com.example.BilltePreviewTest.MainPageTest" tests="1" skipped="0" failures="0" errors="0" timestamp="2021-09-22T08:34:01" hostname="LAPTOP-KTSNKE43" time="11.606">
  <properties/>
  <testcase name="test2()" classname="com.example.BilltePreviewTest.MainPageTest" time="11.606"/>
  <system-out><![CDATA[true
Elapsed Time: 3178 ms
]]></system-out>
  <system-err><![CDATA[Starting ChromeDriver 93.0.4577.63 (ff5c0da2ec0adeaed5550e6c7e98417dac77d98a-refs/branch-heads/4577@{#1135}) on port 29057
Only local connections are allowed.
Please see https://chromedriver.chromium.org/security-considerations for suggestions on keeping ChromeDriver safe.
ChromeDriver was started successfully.
Sep 22, 2021 10:34:02 AM org.openqa.selenium.remote.ProtocolHandshake createSession
INFO: Detected dialect: W3C
]]></system-err>
</testsuite>
